<?xml version="1.0" encoding="UTF-8"?>
<testng-results ignored="0" total="1" passed="1" failed="0" skipped="0">
  <reporter-output>
  </reporter-output>
  <suite started-at="2024-06-02T10:39:40 IST" name="Default suite" finished-at="2024-06-02T10:40:22 IST" duration-ms="42367">
    <groups>
    </groups>
    <test started-at="2024-06-02T10:39:40 IST" name="Default test" finished-at="2024-06-02T10:40:22 IST" duration-ms="42367">
      <class name="bHighlevelbases.B17_Ajaxcontrol_Array">
        <test-method is-config="true" signature="beforeTest()[pri:0, instance:bHighlevelbases.B17_Ajaxcontrol_Array@5e0826e7]" started-at="2024-06-02T10:39:40 IST" name="beforeTest" finished-at="2024-06-02T10:40:04 IST" duration-ms="23775" status="PASS">
          <reporter-output>
          </reporter-output>
        </test-method> <!-- beforeTest -->
        <test-method signature="clickable()[pri:0, instance:bHighlevelbases.B17_Ajaxcontrol_Array@5e0826e7]" started-at="2024-06-02T10:40:04 IST" name="clickable" finished-at="2024-06-02T10:40:22 IST" duration-ms="18540" status="PASS">
          <reporter-output>
          </reporter-output>
        </test-method> <!-- clickable -->
        <test-method is-config="true" signature="afterTest()[pri:0, instance:bHighlevelbases.B17_Ajaxcontrol_Array@5e0826e7]" started-at="2024-06-02T10:40:22 IST" name="afterTest" finished-at="2024-06-02T10:40:22 IST" duration-ms="0" status="PASS">
          <reporter-output>
          </reporter-output>
        </test-method> <!-- afterTest -->
      </class> <!-- bHighlevelbases.B17_Ajaxcontrol_Array -->
    </test> <!-- Default test -->
  </suite> <!-- Default suite -->
</testng-results>
